<?xml version="1.0" encoding="UTF-8"?>
<testsuite xmlns:xsi="http://www.w3.org/2001/XMLSchema-instance" xsi:noNamespaceSchemaLocation="https://maven.apache.org/surefire/maven-surefire-plugin/xsd/surefire-test-report.xsd" name="testRunner.GitSearchTestRunner" time="7.692" tests="8" errors="0" skipped="0" failures="0">
  <properties>
[...]
</properties>
  <testcase name="validate total number of repositories for given programming language created before 01st January 2011" classname="To verify functionality and behaviour of GitHub search API based on series of keywords," time="2.721"/>
  <testcase name="validate total number of repositories for given programming language created before 01st January 2011" classname="To verify functionality and behaviour of GitHub search API based on series of keywords," time="1.139"/>
  <testcase name="validate total number of repositories for given organisation and programming language with sort and order" classname="To verify functionality and behaviour of GitHub search API based on series of keywords," time="0.372"/>
  <testcase name="validate total number of repositories for given organisation and programming language with sort and order" classname="To verify functionality and behaviour of GitHub search API based on series of keywords," time="0.356"/>
  <testcase name="validate total number of repositories for given user with sort by fork and in ascending order" classname="To verify functionality and behaviour of GitHub search API based on series of keywords," time="0.742"/>
  <testcase name="validate total number of repositories for given user with sort by fork and in ascending order" classname="To verify functionality and behaviour of GitHub search API based on series of keywords," time="0.674"/>
  <testcase name="validate 1st repositories for given user with sort by fork and in ascending order" classname="To verify functionality and behaviour of GitHub search API based on series of keywords," time="0.85"/>
  <testcase name="validate that all the fetched repositories for given organisation and language is public according to query param sorted by star and in ascending order" classname="To verify functionality and behaviour of GitHub search API based on series of keywords," time="0.366"/>
</testsuite>